2023-03-28 11:34:36.701915 0x0000478c         BackgroundTaskBase: Registering msteamsupdate.exe as bgtask com server for task: TeamsAsyncUpdaterTask
2023-03-28 11:34:36.705922 0x0000478c         Scenario: shell_bgtask_comserverregistration [start,success] Scenario.Status:success, Scenario.Step:start, delta:0, elapsed:1, elapsedSinceProcessStart:213, sequence:0
2023-03-28 11:34:36.713968 0x00003740         AsyncUpdaterTask: Starting updater background task
2023-03-28 11:34:36.746395 0x00003740         Scenario: shell_peristent_storage_read [start,success] Scenario.Status:success, Scenario.Step:start, delta:0, elapsed:27, elapsedSinceProcessStart:255, sequence:0
2023-03-28 11:34:36.746395 0x00003740         Scenario: shell_peristent_storage_read [stop,abandoned] InstanceId:fd1c075e-fc65-4388-a88c-f9baa4cbd122, Scenario.Mode:1, Scenario.Name:shell_peristent_storage_read, Scenario.Status:success, Scenario.Step:start, delta:0, elapsed:27, elapsedSinceProcessStart:255, error:no such file or directory, fileName:configuration.json, previousStep:start, sequence:0, stepDelta:1
2023-03-28 11:34:36.754436 0x00003740         Scenario: shell_peristent_storage_read [start,success] Scenario.Status:success, Scenario.Step:start, delta:0, elapsed:33, elapsedSinceProcessStart:261, sequence:0
2023-03-28 11:34:36.754436 0x00003740         Scenario: shell_peristent_storage_read [stop,success] InstanceId:9d87fc27-1a65-4e8b-8f47-a72475840ddf, Scenario.Mode:1, Scenario.Name:shell_peristent_storage_read, Scenario.Status:success, Scenario.Step:start, delta:0, elapsed:33, elapsedSinceProcessStart:261, fileName:ecs_request_param.json, previousStep:start, sequence:0, stepDelta:5
2023-03-28 11:34:36.754436 0x00003740         TelemetryService: No primary user detected during a SetUserTenantId Call, setting 9188040d-6c67-4c5b-b112-36a304b66dad as default tenant
2023-03-28 11:34:36.754436 0x00003740         TelemetryService: No primary user detected during a SetUserId Call, setting 00000000-0000-0000-21a1-d02767c209ef as UserInfo_Id
2023-03-28 11:34:36.762434 0x00003740         Scenario: shell_ecs_cache [start,success] Scenario.Status:success, Scenario.Step:start, delta:0, elapsed:48, elapsedSinceProcessStart:276, sequence:0
2023-03-28 11:34:36.770437 0x00003740         Scenario: shell_ecs_cache [stop,success] InstanceId:2f2fcd41-f400-4d1f-a7a0-b929e48729d4, Scenario.Mode:1, Scenario.Name:shell_ecs_cache, Scenario.Status:success, Scenario.Step:start, delta:0, elapsed:48, elapsedSinceProcessStart:276, previousStep:start, sequence:0, stepDelta:1
2023-03-28 11:34:36.770437 0x00003740         Scenario: shell_ecs_start [start,success] Scenario.Status:success, Scenario.Step:start, delta:0, elapsed:50, elapsedSinceProcessStart:278, sequence:0
2023-03-28 11:34:36.770437 0x00003740         Scenario: shell_ecs_start [stop,success] InstanceId:0b8f631f-71fc-4638-a8d9-e9dacb756c6c, Scenario.Mode:3, Scenario.Name:shell_ecs_start, Scenario.Status:success, Scenario.Step:start, Scenario.Steps:[{"Scenario.Status":"success","Scenario.Step":"stop","delta":0,"elapsed":50,"elapsedSinceProcessStart":278,"previousStep":"start","sequence":1,"stepDelta":0}], Scenario.StepsEx:[{}], delta:0, elapsed:50, elapsedSinceProcessStart:278, previousStep:start, sequence:0, stepDelta:0
2023-03-28 11:34:36.770437 0x00003740         Scenario: shell_msix_update [start,success] Scenario.Status:success, Scenario.Step:start, delta:0, elapsed:55, elapsedSinceProcessStart:283, sequence:0
2023-03-28 11:34:36.770437 0x00003740         DeploymentProviderMSIX: Start staging update package from:https://statics.teams.cdn.office.net/production-windows-x64/23062.1103.1944.2725/MicrosoftTeams-x64.msix
2023-03-28 11:34:40.464331 0x00003740         DeploymentProviderMSIX: Start registering update package for package:MicrosoftTeams_8wekyb3d8bbwe
2023-03-28 11:34:40.504495 0x00003740         Scenario: shell_msix_update [stop,success] CurrentVersion:23047.400.1873.7204, DeviceInfo_OfficeMachineId:, InstanceId:4847af88-b828-4136-8c49-b74aebeeea55, LatestVersion:23062.1103.1944.2725, Scenario.Mode:3, Scenario.Name:shell_msix_update, Scenario.Status:success, Scenario.Step:start, Scenario.Steps:[{"Scenario.Status":"success","Scenario.Step":"stop","delta":3728,"elapsed":3783,"elapsedSinceProcessStart":4011,"previousStep":"start","sequence":1,"stepDelta":3728}], Scenario.StepsEx:[{"CurrentVersion":"23047.400.1873.7204","DeviceInfo_OfficeMachineId":"","LatestVersion":"23062.1103.1944.2725","UpdateCheckReason":"BgUpdateCheck","UpdateFailureCount":1,"UpdateUrl":"https://statics.teams.cdn.office.net/production-windows-x64/23062.1103.1944.2725/MicrosoftTeams-x64.msix"}], UpdateCheckReason:BgUpdateCheck, UpdateFailureCount:1, UpdateUrl:https://statics.teams.cdn.office.net/production-windows-x64/23062.1103.1944.2725/MicrosoftTeams-x64.msix, delta:0, elapsed:55, elapsedSinceProcessStart:283, previousStep:start, sequence:0, stepDelta:3728
2023-03-28 11:34:40.504495 0x00003740         AsyncUpdaterTask: Updater task completed
2023-03-28 11:34:40.504495 0x0000478c         Scenario: shell_bgtask_comserverregistration [stop,success] InstanceId:d27b734b-5ef0-44fa-a715-7a215ea57a19, Scenario.Mode:3, Scenario.Name:shell_bgtask_comserverregistration, Scenario.Status:success, Scenario.Step:start, Scenario.Steps:[{"Scenario.Status":"success","Scenario.Step":"stop","delta":3803,"elapsed":3804,"elapsedSinceProcessStart":4016,"previousStep":"start","sequence":1,"stepDelta":3803}], Scenario.StepsEx:[{"taskName":"TeamsAsyncUpdaterTask"}], delta:0, elapsed:1, elapsedSinceProcessStart:213, previousStep:start, sequence:0, stepDelta:3803, taskName:TeamsAsyncUpdaterTask
2023-03-28 11:34:41.693865 0x0000478c         TelemetryService: Telemetry service stopped
